Flow report for P3_top
Tue Apr 25 21:14:48 2023
Quartus Prime Version 20.1.1 Build 720 11/11/2020 SJ Lite Edition


---------------------
; Table of Contents ;
---------------------
  1. Legal Notice
  2. Flow Summary
  3. Flow Settings
  4. Flow Non-Default Global Settings
  5. Flow Elapsed Time
  6. Flow OS Summary
  7. Flow Log
  8. Flow Messages
  9. Flow Suppressed Messages



----------------
; Legal Notice ;
----------------
Copyright (C) 2020  Intel Corporation. All rights reserved.
Your use of Intel Corporation's design tools, logic functions 
and other software and tools, and any partner logic 
functions, and any output files from any of the foregoing 
(including device programming or simulation files), and any 
associated documentation or information are expressly subject 
to the terms and conditions of the Intel Program License 
Subscription Agreement, the Intel Quartus Prime License Agreement,
the Intel FPGA IP License Agreement, or other applicable license
agreement, including, without limitation, that your use is for
the sole purpose of programming logic devices manufactured by
Intel and sold by Intel or its authorized distributors.  Please
refer to the applicable agreement for further details, at
https://fpgasoftware.intel.com/eula.



+----------------------------------------------------------------------------------+
; Flow Summary                                                                     ;
+------------------------------------+---------------------------------------------+
; Flow Status                        ; Successful - Tue Apr 25 21:14:48 2023       ;
; Quartus Prime Version              ; 20.1.1 Build 720 11/11/2020 SJ Lite Edition ;
; Revision Name                      ; P3_top                                      ;
; Top-level Entity Name              ; P3_top                                      ;
; Family                             ; MAX 10                                      ;
; Device                             ; 10M50DAF484C7G                              ;
; Timing Models                      ; Final                                       ;
; Total logic elements               ; 31 / 49,760 ( < 1 % )                       ;
;     Total combinational functions  ; 31 / 49,760 ( < 1 % )                       ;
;     Dedicated logic registers      ; 30 / 49,760 ( < 1 % )                       ;
; Total registers                    ; 30                                          ;
; Total pins                         ; 311 / 360 ( 86 % )                          ;
; Total virtual pins                 ; 0                                           ;
; Total memory bits                  ; 8,256 / 1,677,312 ( < 1 % )                 ;
; Embedded Multiplier 9-bit elements ; 0 / 288 ( 0 % )                             ;
; Total PLLs                         ; 0 / 4 ( 0 % )                               ;
; UFM blocks                         ; 0 / 1 ( 0 % )                               ;
; ADC blocks                         ; 0 / 2 ( 0 % )                               ;
+------------------------------------+---------------------------------------------+


+-----------------------------------------+
; Flow Settings                           ;
+-------------------+---------------------+
; Option            ; Setting             ;
+-------------------+---------------------+
; Start date & time ; 04/25/2023 21:13:52 ;
; Main task         ; Compilation         ;
; Revision Name     ; P3_top              ;
+-------------------+---------------------+


+-------------------------------------------------------------------------------------------------------------------------------------------------+
; Flow Non-Default Global Settings                                                                                                                ;
+--------------------------------------+----------------------------------------+---------------+-------------+-----------------------------------+
; Assignment Name                      ; Value                                  ; Default Value ; Entity Name ; Section Id                        ;
+--------------------------------------+----------------------------------------+---------------+-------------+-----------------------------------+
; COMPILER_SIGNATURE_ID                ; 198375895603629.168247523200700        ; --            ; --          ; --                                ;
; EDA_DESIGN_INSTANCE_NAME             ; NA                                     ; --            ; --          ; P3_tb                             ;
; EDA_DESIGN_INSTANCE_NAME             ; NA                                     ; --            ; --          ; Temp_PC_tb                        ;
; EDA_GENERATE_FUNCTIONAL_NETLIST      ; Off                                    ; --            ; --          ; eda_board_design_timing           ;
; EDA_GENERATE_FUNCTIONAL_NETLIST      ; Off                                    ; --            ; --          ; eda_board_design_boundary_scan    ;
; EDA_GENERATE_FUNCTIONAL_NETLIST      ; Off                                    ; --            ; --          ; eda_board_design_signal_integrity ;
; EDA_GENERATE_FUNCTIONAL_NETLIST      ; Off                                    ; --            ; --          ; eda_board_design_symbol           ;
; EDA_NATIVELINK_SIMULATION_TEST_BENCH ; P3_tb                                  ; --            ; --          ; eda_simulation                    ;
; EDA_OUTPUT_DATA_FORMAT               ; Vhdl                                   ; --            ; --          ; eda_simulation                    ;
; EDA_SIMULATION_TOOL                  ; ModelSim-Altera (VHDL)                 ; <None>        ; --          ; --                                ;
; EDA_TEST_BENCH_ENABLE_STATUS         ; TEST_BENCH_MODE                        ; --            ; --          ; eda_simulation                    ;
; EDA_TEST_BENCH_FILE                  ; P3_tb.vhdl                             ; --            ; --          ; P3_tb                             ;
; EDA_TEST_BENCH_FILE                  ; Temp_PC_tb.vhdl                        ; --            ; --          ; Temp_PC_tb                        ;
; EDA_TEST_BENCH_MODULE_NAME           ; P3_tb                                  ; --            ; --          ; P3_tb                             ;
; EDA_TEST_BENCH_MODULE_NAME           ; Temp_PC_tb                             ; --            ; --          ; Temp_PC_tb                        ;
; EDA_TEST_BENCH_NAME                  ; P3_tb                                  ; --            ; --          ; eda_simulation                    ;
; EDA_TEST_BENCH_NAME                  ; Temp_PC_tb                             ; --            ; --          ; eda_simulation                    ;
; EDA_TEST_BENCH_RUN_SIM_FOR           ; 5000 ns                                ; --            ; --          ; P3_tb                             ;
; EDA_TEST_BENCH_RUN_SIM_FOR           ; 50 ns                                  ; --            ; --          ; Temp_PC_tb                        ;
; EDA_TIME_SCALE                       ; 1 ps                                   ; --            ; --          ; eda_simulation                    ;
; MAX_CORE_JUNCTION_TEMP               ; 85                                     ; --            ; --          ; --                                ;
; MIN_CORE_JUNCTION_TEMP               ; 0                                      ; --            ; --          ; --                                ;
; MISC_FILE                            ; IMEM.bsf                               ; --            ; --          ; --                                ;
; MISC_FILE                            ; IMEM_inst.vhd                          ; --            ; --          ; --                                ;
; MISC_FILE                            ; IMEM.inc                               ; --            ; --          ; --                                ;
; MISC_FILE                            ; IMEM.cmp                               ; --            ; --          ; --                                ;
; MISC_FILE                            ; DMEM.bsf                               ; --            ; --          ; --                                ;
; MISC_FILE                            ; DMEM_inst.vhd                          ; --            ; --          ; --                                ;
; MISC_FILE                            ; DMEM.inc                               ; --            ; --          ; --                                ;
; MISC_FILE                            ; DMEM.cmp                               ; --            ; --          ; --                                ;
; OUTPUT_IO_TIMING_FAR_END_VMEAS       ; Half Signal Swing                      ; --            ; --          ; --                                ;
; OUTPUT_IO_TIMING_FAR_END_VMEAS       ; Half Signal Swing                      ; --            ; --          ; --                                ;
; OUTPUT_IO_TIMING_NEAR_END_VMEAS      ; Half Vccio                             ; --            ; --          ; --                                ;
; OUTPUT_IO_TIMING_NEAR_END_VMEAS      ; Half Vccio                             ; --            ; --          ; --                                ;
; PARTITION_COLOR                      ; -- (Not supported for targeted family) ; --            ; --          ; Top                               ;
; PARTITION_FITTER_PRESERVATION_LEVEL  ; -- (Not supported for targeted family) ; --            ; --          ; Top                               ;
; PARTITION_NETLIST_TYPE               ; -- (Not supported for targeted family) ; --            ; --          ; Top                               ;
; POWER_BOARD_THERMAL_MODEL            ; None (CONSERVATIVE)                    ; --            ; --          ; --                                ;
; POWER_PRESET_COOLING_SOLUTION        ; 23 MM HEAT SINK WITH 200 LFPM AIRFLOW  ; --            ; --          ; --                                ;
; PROJECT_OUTPUT_DIRECTORY             ; output_files                           ; --            ; --          ; --                                ;
+--------------------------------------+----------------------------------------+---------------+-------------+-----------------------------------+


+--------------------------------------------------------------------------------------------------------------------------+
; Flow Elapsed Time                                                                                                        ;
+----------------------+--------------+-------------------------+---------------------+------------------------------------+
; Module Name          ; Elapsed Time ; Average Processors Used ; Peak Virtual Memory ; Total CPU Time (on all processors) ;
+----------------------+--------------+-------------------------+---------------------+------------------------------------+
; Analysis & Synthesis ; 00:00:09     ; 1.0                     ; 445 MB              ; 00:00:26                           ;
; Fitter               ; 00:00:36     ; 1.0                     ; 1101 MB             ; 00:00:41                           ;
; Assembler            ; 00:00:02     ; 1.0                     ; 362 MB              ; 00:00:03                           ;
; Timing Analyzer      ; 00:00:04     ; 1.0                     ; 514 MB              ; 00:00:04                           ;
; EDA Netlist Writer   ; 00:00:00     ; 1.0                     ; 615 MB              ; 00:00:00                           ;
; Total                ; 00:00:51     ; --                      ; --                  ; 00:01:14                           ;
+----------------------+--------------+-------------------------+---------------------+------------------------------------+


+------------------------------------------------------------------------------------+
; Flow OS Summary                                                                    ;
+----------------------+------------------+------------+------------+----------------+
; Module Name          ; Machine Hostname ; OS Name    ; OS Version ; Processor type ;
+----------------------+------------------+------------+------------+----------------+
; Analysis & Synthesis ; ArchApprentice   ; Arch Linux ; Arch Linux ; x86_64         ;
; Fitter               ; ArchApprentice   ; Arch Linux ; Arch Linux ; x86_64         ;
; Assembler            ; ArchApprentice   ; Arch Linux ; Arch Linux ; x86_64         ;
; Timing Analyzer      ; ArchApprentice   ; Arch Linux ; Arch Linux ; x86_64         ;
; EDA Netlist Writer   ; ArchApprentice   ; Arch Linux ; Arch Linux ; x86_64         ;
+----------------------+------------------+------------+------------+----------------+


------------
; Flow Log ;
------------
quartus_map --read_settings_files=on --write_settings_files=off P3_top -c P3_top
quartus_fit --read_settings_files=off --write_settings_files=off P3_top -c P3_top
quartus_asm --read_settings_files=off --write_settings_files=off P3_top -c P3_top
quartus_sta P3_top -c P3_top
quartus_eda --read_settings_files=off --write_settings_files=off P3_top -c P3_top



